c:\users\mehed\onedrive\desktop\learnicate\learnicate\debug\vc143.pdb
c:\users\mehed\onedrive\desktop\learnicate\learnicate\debug\vc143.idb
c:\users\mehed\onedrive\desktop\learnicate\learnicate\debug\scrollbar.obj
c:\users\mehed\onedrive\desktop\learnicate\learnicate\debug\rtextbox.obj
c:\users\mehed\onedrive\desktop\learnicate\learnicate\debug\ribbonbutton.obj
c:\users\mehed\onedrive\desktop\learnicate\learnicate\debug\ribbon.obj
c:\users\mehed\onedrive\desktop\learnicate\learnicate\debug\folderview.obj
c:\users\mehed\onedrive\desktop\learnicate\learnicate\debug\filesystem.obj
c:\users\mehed\onedrive\desktop\learnicate\learnicate\debug\fileexplorer.obj
c:\users\mehed\onedrive\desktop\learnicate\learnicate\debug\file.obj
c:\users\mehed\onedrive\desktop\learnicate\learnicate\debug\drive.obj
c:\users\mehed\onedrive\desktop\learnicate\learnicate\debug\control.obj
c:\users\mehed\onedrive\desktop\learnicate\learnicate\debug\container.obj
c:\users\mehed\onedrive\desktop\learnicate\learnicate\debug\textbox.obj
c:\users\mehed\onedrive\desktop\learnicate\learnicate\debug\button.obj
c:\users\mehed\onedrive\desktop\learnicate\learnicate\debug\video_cam.obj
c:\users\mehed\onedrive\desktop\learnicate\learnicate\debug\teacher_menu.obj
c:\users\mehed\onedrive\desktop\learnicate\learnicate\debug\student_menu.obj
c:\users\mehed\onedrive\desktop\learnicate\learnicate\debug\main_menu.obj
c:\users\mehed\onedrive\desktop\learnicate\learnicate\debug\main.obj
c:\users\mehed\onedrive\desktop\learnicate\learnicate\debug\chatbox.obj
c:\users\mehed\onedrive\desktop\learnicate\learnicate\debug\audio.obj
c:\users\mehed\onedrive\desktop\learnicate\learnicate\debug\tsub_menu.obj
c:\users\mehed\onedrive\desktop\learnicate\learnicate\debug\teachsignup.obj
c:\users\mehed\onedrive\desktop\learnicate\learnicate\debug\teachlogin.obj
c:\users\mehed\onedrive\desktop\learnicate\learnicate\debug\teacher.obj
c:\users\mehed\onedrive\desktop\learnicate\learnicate\debug\stusignup.obj
c:\users\mehed\onedrive\desktop\learnicate\learnicate\debug\stulogin.obj
c:\users\mehed\onedrive\desktop\learnicate\learnicate\debug\ssub_menu.obj
c:\users\mehed\onedrive\desktop\learnicate\learnicate\debug\student.obj
c:\users\mehed\onedrive\desktop\learnicate\learnicate\debug\person.obj
c:\users\mehed\onedrive\desktop\learnicate\learnicate\debug\treenode.obj
c:\users\mehed\onedrive\desktop\learnicate\learnicate\debug\opencv_cored.dll
c:\users\mehed\onedrive\desktop\learnicate\learnicate\debug\zlibd1.dll
c:\users\mehed\onedrive\desktop\learnicate\learnicate\debug\opencv_highguid.dll
c:\users\mehed\onedrive\desktop\learnicate\learnicate\debug\opencv_videoiod.dll
c:\users\mehed\onedrive\desktop\learnicate\learnicate\debug\opencv_imgcodecsd.dll
c:\users\mehed\onedrive\desktop\learnicate\learnicate\debug\opencv_imgprocd.dll
c:\users\mehed\onedrive\desktop\learnicate\learnicate\debug\jpeg62.dll
c:\users\mehed\onedrive\desktop\learnicate\learnicate\debug\webpdecoder.dll
c:\users\mehed\onedrive\desktop\learnicate\learnicate\debug\webp.dll
c:\users\mehed\onedrive\desktop\learnicate\learnicate\debug\libpng16d.dll
c:\users\mehed\onedrive\desktop\learnicate\learnicate\debug\tiffd.dll
c:\users\mehed\onedrive\desktop\learnicate\learnicate\debug\liblzma.dll
c:\users\mehed\onedrive\desktop\learnicate\learnicate\debug\sfml-audio-d-2.dll
c:\users\mehed\onedrive\desktop\learnicate\learnicate\debug\sfml-system-d-2.dll
c:\users\mehed\onedrive\desktop\learnicate\learnicate\debug\openal32.dll
c:\users\mehed\onedrive\desktop\learnicate\learnicate\debug\vorbisenc.dll
c:\users\mehed\onedrive\desktop\learnicate\learnicate\debug\vorbis.dll
c:\users\mehed\onedrive\desktop\learnicate\learnicate\debug\ogg.dll
c:\users\mehed\onedrive\desktop\learnicate\learnicate\debug\vorbisfile.dll
c:\users\mehed\onedrive\desktop\learnicate\learnicate\debug\flac.dll
c:\users\mehed\onedrive\desktop\learnicate\learnicate\debug\sfml-graphics-d-2.dll
c:\users\mehed\onedrive\desktop\learnicate\learnicate\debug\sfml-window-d-2.dll
c:\users\mehed\onedrive\desktop\learnicate\learnicate\debug\freetyped.dll
c:\users\mehed\onedrive\desktop\learnicate\learnicate\debug\bz2d.dll
c:\users\mehed\onedrive\desktop\learnicate\learnicate\debug\brotlidec.dll
c:\users\mehed\onedrive\desktop\learnicate\learnicate\debug\brotlicommon.dll
c:\users\mehed\onedrive\desktop\learnicate\learnicate\debug\sfml-network-d-2.dll
c:\users\mehed\onedrive\desktop\learnicate\learnicate\debug\learnicate.exe
c:\users\mehed\onedrive\desktop\learnicate\learnicate\debug\learnicate.ilk
c:\users\mehed\onedrive\desktop\learnicate\learnicate\debug\learnicate.pdb
c:\users\mehed\onedrive\desktop\learnicate\learnicate\debug\learnicate.tlog\cl.command.1.tlog
c:\users\mehed\onedrive\desktop\learnicate\learnicate\debug\learnicate.tlog\cl.read.1.tlog
c:\users\mehed\onedrive\desktop\learnicate\learnicate\debug\learnicate.tlog\cl.write.1.tlog
c:\users\mehed\onedrive\desktop\learnicate\learnicate\debug\learnicate.tlog\learnicate.write.1u.tlog
c:\users\mehed\onedrive\desktop\learnicate\learnicate\debug\learnicate.tlog\link.command.1.tlog
c:\users\mehed\onedrive\desktop\learnicate\learnicate\debug\learnicate.tlog\link.read.1.tlog
c:\users\mehed\onedrive\desktop\learnicate\learnicate\debug\learnicate.tlog\link.write.1.tlog
