  Signup.cpp
E:\Visual Studio\Project\Signup\Signup.cpp(16,47): warning C4244: 'argument': conversion from 'T' to 'float', possible loss of data
          with
          [
              T=unsigned int
          ]
E:\Visual Studio\Project\Signup\Signup.cpp(16,29): warning C4244: 'argument': conversion from 'T' to 'float', possible loss of data
          with
          [
              T=unsigned int
          ]
E:\Visual Studio\Project\Signup\Signup.cpp(19,52): warning C4244: 'argument': conversion from 'T' to 'float', possible loss of data
          with
          [
              T=unsigned int
          ]
E:\Visual Studio\Project\Signup\Signup.cpp(19,34): warning C4244: 'argument': conversion from 'T' to 'float', possible loss of data
          with
          [
              T=unsigned int
          ]
E:\Visual Studio\Project\Signup\Signup.cpp(20,52): warning C4244: 'argument': conversion from 'T' to 'float', possible loss of data
          with
          [
              T=unsigned int
          ]
E:\Visual Studio\Project\Signup\Signup.cpp(20,34): warning C4244: 'argument': conversion from 'T' to 'float', possible loss of data
          with
          [
              T=unsigned int
          ]
E:\Visual Studio\Project\Signup\Signup.cpp(21,50): warning C4244: 'argument': conversion from 'T' to 'float', possible loss of data
          with
          [
              T=unsigned int
          ]
E:\Visual Studio\Project\Signup\Signup.cpp(21,32): warning C4244: 'argument': conversion from 'T' to 'float', possible loss of data
          with
          [
              T=unsigned int
          ]
E:\Visual Studio\Project\Signup\Signup.cpp(22,50): warning C4244: 'argument': conversion from 'T' to 'float', possible loss of data
          with
          [
              T=unsigned int
          ]
E:\Visual Studio\Project\Signup\Signup.cpp(22,32): warning C4244: 'argument': conversion from 'T' to 'float', possible loss of data
          with
          [
              T=unsigned int
          ]
  Signup.vcxproj -> E:\Visual Studio\Project\Signup\x64\Debug\Signup.exe
