f:\fe\exam date and syllabus\debug\vc142.pdb
f:\fe\exam date and syllabus\debug\vc142.idb
f:\fe\exam date and syllabus\debug\textbox.obj
f:\fe\exam date and syllabus\debug\notice and material.obj
f:\fe\exam date and syllabus\debug\date and syllabus.obj
f:\fe\exam date and syllabus\debug\button.obj
f:\fe\exam date and syllabus\debug\sfml-graphics-d-2.dll
f:\fe\exam date and syllabus\debug\sfml-window-d-2.dll
f:\fe\exam date and syllabus\debug\sfml-system-d-2.dll
f:\fe\exam date and syllabus\debug\freetyped.dll
f:\fe\exam date and syllabus\debug\zlibd1.dll
f:\fe\exam date and syllabus\debug\bz2d.dll
f:\fe\exam date and syllabus\debug\libpng16d.dll
f:\fe\exam date and syllabus\debug\brotlidec.dll
f:\fe\exam date and syllabus\debug\brotlicommon.dll
f:\fe\exam date and syllabus\debug\exam date and syllabus.ilk
f:\fe\exam date and syllabus\debug\exam date and syllabus.exe
f:\fe\exam date and syllabus\debug\exam date and syllabus.pdb
f:\fe\exam date and syllabus\debug\exam dat.3df59565.tlog\cl.command.1.tlog
f:\fe\exam date and syllabus\debug\exam dat.3df59565.tlog\cl.read.1.tlog
f:\fe\exam date and syllabus\debug\exam dat.3df59565.tlog\cl.write.1.tlog
f:\fe\exam date and syllabus\debug\exam dat.3df59565.tlog\exam date and syllabus.write.1u.tlog
f:\fe\exam date and syllabus\debug\exam dat.3df59565.tlog\link.command.1.tlog
f:\fe\exam date and syllabus\debug\exam dat.3df59565.tlog\link.read.1.tlog
f:\fe\exam date and syllabus\debug\exam dat.3df59565.tlog\link.write.1.tlog
